#
# A fatal error has been detected by the Java Runtime Environment:
#
#  EXCEPTION_ACCESS_VIOLATION (0xc0000005) at pc=0x00007ff9aeffb5c6, pid=10980, tid=8992
#
# JRE version: OpenJDK Runtime Environment Temurin-21.0.4+7 (21.0.4+7) (build 21.0.4+7-LTS)
# Java VM: OpenJDK 64-Bit Server VM Temurin-21.0.4+7 (21.0.4+7-LTS, mixed mode, sharing, tiered, compressed oops, compressed class ptrs, g1 gc, windows-amd64)
# Problematic frame:
# C  [awt.dll+0xdb5c6]
#
# No core dump will be written. Minidumps are not enabled by default on client versions of Windows
#
# If you would like to submit a bug report, please visit:
#   https://github.com/adoptium/adoptium-support/issues
# The crash happened outside the Java Virtual Machine in native code.
# See problematic frame for where to report the bug.
#

---------------  S U M M A R Y ------------

Command Line: -ea -agentlib:jdwp=transport=dt_shmem,address=javadebug -Dfile.encoding=UTF-8 bluej.runtime.ExecServer UTF-8

Host: 12th Gen Intel(R) Core(TM) i5-12400, 12 cores, 15G,  Windows 11 , 64 bit Build 22621 (10.0.22621.3958)
Time: Thu Oct 10 10:35:00 2024 Hora de verano romance elapsed time: 995.598761 seconds (0d 0h 16m 35s)

---------------  T H R E A D  ---------------

Current thread (0x00000254eba0cda0):  JavaThread "AWT-EventQueue-0"        [_thread_in_native, id=8992, stack(0x0000007ef2e00000,0x0000007ef2f00000) (1024K)]

Stack: [0x0000007ef2e00000,0x0000007ef2f00000],  sp=0x0000007ef2efed20,  free space=1019k
Native frames: (J=compiled Java code, j=interpreted, Vv=VM code, C=native code)
C  [awt.dll+0xdb5c6]

Java frames: (J=compiled Java code, j=interpreted, Vv=VM code)
j  sun.awt.Win32GraphicsDevice.initNativeScale(I)V+0 java.desktop@21.0.4
j  sun.awt.Win32GraphicsDevice.initScaleFactors()V+60 java.desktop@21.0.4
j  sun.awt.Win32GraphicsDevice.displayChanged()V+16 java.desktop@21.0.4
j  sun.awt.Win32GraphicsEnvironment.displayChanged()V+271 java.desktop@21.0.4
j  sun.awt.windows.WToolkit.lambda$displayChanged$4()V+15 java.desktop@21.0.4
j  sun.awt.windows.WToolkit$$Lambda+0x000002548106f9f8.run()V+0 java.desktop@21.0.4
j  java.awt.event.InvocationEvent.dispatch()V+47 java.desktop@21.0.4
j  java.awt.EventQueue.dispatchEventImpl(Ljava/awt/AWTEvent;Ljava/lang/Object;)V+21 java.desktop@21.0.4
j  java.awt.EventQueue$4.run()Ljava/lang/Void;+32 java.desktop@21.0.4
j  java.awt.EventQueue$4.run()Ljava/lang/Object;+1 java.desktop@21.0.4
j  java.security.AccessController.executePrivileged(Ljava/security/PrivilegedAction;Ljava/security/AccessControlContext;Ljava/lang/Class;)Ljava/lang/Object;+29 java.base@21.0.4
j  java.security.AccessController.doPrivileged(Ljava/security/PrivilegedAction;Ljava/security/AccessControlContext;)Ljava/lang/Object;+13 java.base@21.0.4
j  java.security.ProtectionDomain$JavaSecurityAccessImpl.doIntersectionPrivilege(Ljava/security/PrivilegedAction;Ljava/security/AccessControlContext;Ljava/security/AccessControlContext;)Ljava/lang/Object;+18 java.base@21.0.4
j  java.awt.EventQueue.dispatchEvent(Ljava/awt/AWTEvent;)V+46 java.desktop@21.0.4
j  java.awt.EventDispatchThread.pumpOneEventForFilters(I)V+81 java.desktop@21.0.4
j  java.awt.EventDispatchThread.pumpEventsForFilter(ILjava/awt/Conditional;Ljava/awt/EventFilter;)V+35 java.desktop@21.0.4
j  java.awt.EventDispatchThread.pumpEventsForHierarchy(ILjava/awt/Conditional;Ljava/awt/Component;)V+11 java.desktop@21.0.4
j  java.awt.EventDispatchThread.pumpEvents(ILjava/awt/Conditional;)V+4 java.desktop@21.0.4
j  java.awt.EventDispatchThread.pumpEvents(Ljava/awt/Conditional;)V+3 java.desktop@21.0.4
j  java.awt.EventDispatchThread.run()V+9 java.desktop@21.0.4
v  ~StubRoutines::call_stub 0x00000254db96100d

siginfo: EXCEPTION_ACCESS_VIOLATION (0xc0000005), reading address 0xffffffffffffffff


Registers:
RAX=0xf702000000000049, RBX=0x00000254f0019100, RCX=0xf702000000000049, RDX=0x0000000000000000
RSP=0x0000007ef2efed20, RBP=0x0000007ef2efee00, RSI=0x0000000000000120, RDI=0x0000000000000000
R8 =0x0000000000000001, R9 =0x0000000713553130, R10=0x00000254db970787, R11=0x0000000000000100
R12=0x0000000000000000, R13=0x00000254ec23be00, R14=0x0000007ef2efee28, R15=0x00000254eba0cda0
RIP=0x00007ff9aeffb5c6, EFLAGS=0x0000000000010202


Register to memory mapping:

RAX=0xf702000000000049 is an unknown value
RBX=0x00000254f0019100 points into unknown readable memory: 0x00000254f001e300 | 00 e3 01 f0 54 02 00 00
RCX=0xf702000000000049 is an unknown value
RDX=0x0 is null
RSP=0x0000007ef2efed20 is pointing into the stack for thread: 0x00000254eba0cda0
RBP=0x0000007ef2efee00 is pointing into the stack for thread: 0x00000254eba0cda0
RSI=0x0000000000000120 is an unknown value
RDI=0x0 is null
R8 =0x0000000000000001 is an unknown value
R9 =0x0000000713553130 is an oop: java.lang.Class 
{0x0000000713553130} - klass: 'java/lang/Class'
 - ---- fields (total size 16 words):
 - private volatile transient 'classRedefinedCount' 'I' @12  0 (0x00000000)
 - injected 'klass' 'J' @16  2561965249032 (0x0000025481075208)
 - injected 'array_klass' 'J' @24  0 (0x0000000000000000)
 - injected 'oop_size' 'I' @32  16 (0x00000010)
 - injected 'static_oop_field_count' 'I' @36  0 (0x00000000)
 - private volatile transient 'cachedConstructor' 'Ljava/lang/reflect/Constructor;' @40  null (0x00000000)
 - private transient 'name' 'Ljava/lang/String;' @44  null (0x00000000)
 - private transient 'module' 'Ljava/lang/Module;' @48  a 'java/lang/Module'{0x0000000713bcb7c0} (0xe27796f8)
 - private final 'classLoader' 'Ljava/lang/ClassLoader;' @52  null (0x00000000)
 - private transient 'classData' 'Ljava/lang/Object;' @56  null (0x00000000)
 - private transient 'packageName' 'Ljava/lang/String;' @60  null (0x00000000)
 - private final 'componentType' 'Ljava/lang/Class;' @64  null (0x00000000)
 - private volatile transient 'reflectionData' 'Ljava/lang/ref/SoftReference;' @68  null (0x00000000)
 - private volatile transient 'genericInfo' 'Lsun/reflect/generics/repository/ClassRepository;' @72  null (0x00000000)
 - private volatile transient 'enumConstants' '[Ljava/lang/Object;' @76  null (0x00000000)
 - private volatile transient 'enumConstantDirectory' 'Ljava/util/Map;' @80  null (0x00000000)
 - private volatile transient 'annotationData' 'Ljava/lang/Class$AnnotationData;' @84  null (0x00000000)
 - private volatile transient 'annotationType' 'Lsun/reflect/annotation/AnnotationType;' @88  null (0x00000000)
 - transient 'classValueMap' 'Ljava/lang/ClassValue$ClassValueMap;' @92  null (0x00000000)
 - injected 'protection_domain' 'Ljava/lang/Object;' @96  null (0x00000000)
 - injected 'signers_name' 'Ljava/lang/Object;' @100  null (0x00000000)
 - injected 'source_file' 'Ljava/lang/Object;' @104  null (0x00000000)
 - signature: Lsun/awt/Win32GraphicsEnvironment;
 - ---- static fields (0):
 - static final 'debugScaleX' 'F' @112  -1.000000 (0xbf800000)
 - static final 'debugScaleY' 'F' @116  -1.000000 (0xbf800000)
 - private static volatile 'isDWMCompositionEnabled' 'Z' @120  true (0x01)
 - static final synthetic '$assertionsDisabled' 'Z' @121  true (0x01)
R10=0x00000254db970787 is at code_begin+1927 in an Interpreter codelet
native method entry point (kind = native)  [0x00000254db970000, 0x00000254db971238]  4664 bytes
R11=0x0000000000000100 is an unknown value
R12=0x0 is null
R13={method} {0x00000254ec23be08} 'initNativeScale' '(I)V' in 'sun/awt/Win32GraphicsDevice'
R14=0x0000007ef2efee28 is pointing into the stack for thread: 0x00000254eba0cda0
R15=0x00000254eba0cda0 is a thread

Top of Stack: (sp=0x0000007ef2efed20)
0x0000007ef2efed20:   00000254eba0cda0 00000254db9695b8
0x0000007ef2efed30:   00000254f0019100 0000000000000120
0x0000007ef2efed40:   00000254f0019100 00007ff9aeffce02
0x0000007ef2efed50:   00007ff9af05a848 00000254ec23be00
0x0000007ef2efed60:   0000000000000000 00007ff9b1ef72c8
0x0000007ef2efed70:   00000254db9696b9 00000254db9707b6
0x0000007ef2efed80:   00000254ec23be00 00000254eba0cda0
0x0000007ef2efed90:   0000000000000120 0000000000000000
0x0000007ef2efeda0:   0000007ef2efee00 0000000000000001
0x0000007ef2efedb0:   00000007135567c0 0000007ef2efedb8
0x0000007ef2efedc0:   0000000000000000 0000000000000005
0x0000007ef2efedd0:   00000254ec23ee38 0000000000000000
0x0000007ef2efede0:   0000000713554198 00000254ec23be00
0x0000007ef2efedf0:   0000000000000000 0000007ef2efee20
0x0000007ef2efee00:   0000007ef2efee78 00000254db9691b4
0x0000007ef2efee10:   0000000000000000 00000254db96c6f7
0x0000007ef2efee20:   0000000000000000 0000000713554aa0
0x0000007ef2efee30:   0000007ef2efee30 00000254ec23c454
0x0000007ef2efee40:   0000000000000002 00000254ec23ee38
0x0000007ef2efee50:   0000000000000000 0000000713554198
0x0000007ef2efee60:   00000254ec23c4a0 0000007ef2efee20
0x0000007ef2efee70:   0000007ef2efee88 0000007ef2efeed8
0x0000007ef2efee80:   00000254db9691b4 0000000713554aa0
0x0000007ef2efee90:   0000007ef2efee90 00000254ec23dd18
0x0000007ef2efeea0:   0000000000000003 00000254ec23ee38
0x0000007ef2efeeb0:   0000000000000000 0000000713554198
0x0000007ef2efeec0:   00000254ec23dd60 0000007ef2efee88
0x0000007ef2efeed0:   0000007ef2efeef0 0000007ef2efef40
0x0000007ef2efeee0:   00000254db9691b4 0000000000000000
0x0000007ef2efeef0:   0000000713554aa0 0000007ef2efeef8
0x0000007ef2efef00:   00000254ec22b727 0000000000000008
0x0000007ef2efef10:   00000254ec22f5f8 0000000000000000 

Instructions: (pc=0x00007ff9aeffb5c6)
0x00007ff9aeffb4c6:   00 68 00 00 00 0f 11 44 24 34 0f 11 44 24 44 0f
0x00007ff9aeffb4d6:   11 44 24 54 0f 11 44 24 64 0f 11 44 24 74 0f 11
0x00007ff9aeffb4e6:   84 24 84 00 00 00 89 84 24 94 00 00 00 c7 44 24
0x00007ff9aeffb4f6:   30 68 00 00 00 48 8d 94 24 a0 00 00 00 48 8b cd
0x00007ff9aeffb506:   ff 15 bc 88 06 00 85 c0 74 40 48 8d 54 24 30 48
0x00007ff9aeffb516:   8b ce ff 15 aa 88 06 00 85 c0 74 2e 48 8d 54 24
0x00007ff9aeffb526:   34 48 8d 8c 24 a4 00 00 00 ff 15 db 83 06 00 85
0x00007ff9aeffb536:   c0 74 17 48 8d 54 24 44 48 8d 8c 24 b4 00 00 00
0x00007ff9aeffb546:   ff 15 c4 83 06 00 85 c0 75 11 ff c7 3b 7b 0c 0f
0x00007ff9aeffb556:   8c 15 ff ff ff 8b 3d 3f be 06 00 48 8b cb e8 a7
0x00007ff9aeffb566:   c9 f4 ff 90 8b c7 48 8b 8c 24 10 01 00 00 48 33
0x00007ff9aeffb576:   cc e8 54 02 01 00 4c 8d 9c 24 20 01 00 00 49 8b
0x00007ff9aeffb586:   5b 18 49 8b 6b 20 49 8b 73 28 49 8b e3 5f c3 cc
0x00007ff9aeffb596:   cc cc cc cc cc cc cc cc cc cc 48 8b 41 08 48 8b
0x00007ff9aeffb5a6:   80 18 0c 00 00 c3 cc cc cc cc 48 8b 41 08 48 05
0x00007ff9aeffb5b6:   00 04 00 00 c3 cc cc cc cc cc 40 53 48 83 ec 20
0x00007ff9aeffb5c6:   83 79 50 00 48 8b d9 75 56 48 8b 49 28 4c 8d 44
0x00007ff9aeffb5d6:   24 38 48 8d 54 24 30 c7 44 24 30 00 00 80 bf c7
0x00007ff9aeffb5e6:   44 24 38 00 00 80 bf e8 be e1 00 00 f3 0f 10 54
0x00007ff9aeffb5f6:   24 30 0f 57 c0 0f 2f d0 76 25 f3 0f 10 4c 24 38
0x00007ff9aeffb606:   0f 2f c8 76 1a f3 0f 5e 15 f9 a6 02 00 f3 0f 5e
0x00007ff9aeffb616:   0d f1 a6 02 00 f3 0f 11 53 48 f3 0f 11 4b 4c 48
0x00007ff9aeffb626:   83 c4 20 5b c3 cc cc cc cc cc 48 89 5c 24 10 48
0x00007ff9aeffb636:   89 74 24 18 48 89 7c 24 20 41 56 48 83 ec 40 48
0x00007ff9aeffb646:   8b d9 48 83 79 18 00 75 14 b9 28 04 00 00 e8 97
0x00007ff9aeffb656:   97 00 00 48 89 43 18 c7 00 28 00 00 00 48 8b 43
0x00007ff9aeffb666:   18 33 ff 66 89 78 0e 48 8b 4b 28 e8 5a 03 00 00
0x00007ff9aeffb676:   48 8b f0 ba 01 00 00 00 44 8b c2 48 8b c8 ff 15
0x00007ff9aeffb686:   a6 7f 06 00 4c 8b f0 89 7c 24 30 48 8b 4b 18 48
0x00007ff9aeffb696:   89 4c 24 28 48 89 7c 24 20 44 8d 4f 01 45 33 c0
0x00007ff9aeffb6a6:   48 8b d0 48 8b ce ff 15 5e 80 06 00 48 8b 53 30
0x00007ff9aeffb6b6:   48 8b 0b 83 79 04 08 0f 8e 01 02 00 00 f6 42 24 


Stack slot to memory mapping:

stack at sp + 0 slots: 0x00000254eba0cda0 is a thread
stack at sp + 1 slots: 0x00000254db9695b8 is at code_begin+4408 in an Interpreter codelet
return entry points  [0x00000254db968480, 0x00000254db96a590]  8464 bytes
stack at sp + 2 slots: 0x00000254f0019100 points into unknown readable memory: 0x00000254f001e300 | 00 e3 01 f0 54 02 00 00
stack at sp + 3 slots: 0x0000000000000120 is an unknown value
stack at sp + 4 slots: 0x00000254f0019100 points into unknown readable memory: 0x00000254f001e300 | 00 e3 01 f0 54 02 00 00
stack at sp + 5 slots: 0x00007ff9aeffce02 awt.dll
stack at sp + 6 slots: 0x00007ff9af05a848 awt.dll
stack at sp + 7 slots: {method} {0x00000254ec23be08} 'initNativeScale' '(I)V' in 'sun/awt/Win32GraphicsDevice'


---------------  P R O C E S S  ---------------

Threads class SMR info:
_java_thread_list=0x00000254f0042b30, length=20, elements={
0x00000254eb49fe10, 0x00000254eb4a0970, 0x00000254eb4a15d0, 0x00000254eb4a4040,
0x00000254eb4a8ab0, 0x00000254eb4a9640, 0x00000254eb4b0110, 0x00000254eb4b1900,
0x00000254eb784d60, 0x00000254eb788190, 0x00000254eb788ae0, 0x00000254eb789220,
0x00000254eb798d70, 0x00000254f0028ba0, 0x00000254f0031350, 0x00000254eba0a890,
0x00000254eba0b310, 0x00000254c9b33690, 0x00000254f002e4b0, 0x00000254eba0cda0
}

Java Threads: ( => current thread )
  0x00000254eb49fe10 JavaThread "Reference Handler"          daemon [_thread_blocked, id=7328, stack(0x0000007ef3800000,0x0000007ef3900000) (1024K)]
  0x00000254eb4a0970 JavaThread "Finalizer"                  daemon [_thread_blocked, id=1148, stack(0x0000007ef3900000,0x0000007ef3a00000) (1024K)]
  0x00000254eb4a15d0 JavaThread "Signal Dispatcher"          daemon [_thread_blocked, id=5528, stack(0x0000007ef3a00000,0x0000007ef3b00000) (1024K)]
  0x00000254eb4a4040 JavaThread "Attach Listener"            daemon [_thread_blocked, id=6936, stack(0x0000007ef3b00000,0x0000007ef3c00000) (1024K)]
  0x00000254eb4a8ab0 JavaThread "Service Thread"             daemon [_thread_blocked, id=9352, stack(0x0000007ef3c00000,0x0000007ef3d00000) (1024K)]
  0x00000254eb4a9640 JavaThread "Monitor Deflation Thread"   daemon [_thread_blocked, id=13008, stack(0x0000007ef3d00000,0x0000007ef3e00000) (1024K)]
  0x00000254eb4b0110 JavaThread "C2 CompilerThread0"         daemon [_thread_blocked, id=13224, stack(0x0000007ef3e00000,0x0000007ef3f00000) (1024K)]
  0x00000254eb4b1900 JavaThread "C1 CompilerThread0"         daemon [_thread_blocked, id=11648, stack(0x0000007ef3f00000,0x0000007ef4000000) (1024K)]
  0x00000254eb784d60 JavaThread "JDWP Transport Listener: dt_shmem" daemon [_thread_blocked, id=4712, stack(0x0000007ef4000000,0x0000007ef4100000) (1024K)]
  0x00000254eb788190 JavaThread "JDWP Event Helper Thread"   daemon [_thread_blocked, id=9660, stack(0x0000007ef4100000,0x0000007ef4200000) (1024K)]
  0x00000254eb788ae0 JavaThread "JDWP Command Reader"        daemon [_thread_in_native, id=7492, stack(0x0000007ef4200000,0x0000007ef4300000) (1024K)]
  0x00000254eb789220 JavaThread "Notification Thread"        daemon [_thread_blocked, id=12680, stack(0x0000007ef4300000,0x0000007ef4400000) (1024K)]
  0x00000254eb798d70 JavaThread "Common-Cleaner"             daemon [_thread_blocked, id=12696, stack(0x0000007ef4400000,0x0000007ef4500000) (1024K)]
  0x00000254f0028ba0 JavaThread "Java2D Disposer"            daemon [_thread_blocked, id=12508, stack(0x0000007ef4500000,0x0000007ef4600000) (1024K)]
  0x00000254f0031350 JavaThread "AWT-Windows"                daemon [_thread_in_native, id=5956, stack(0x0000007ef4700000,0x0000007ef4800000) (1024K)]
  0x00000254eba0a890 JavaThread "main"                              [_thread_blocked, id=12324, stack(0x0000007ef4800000,0x0000007ef4900000) (1024K)]
  0x00000254eba0b310 JavaThread "BlueJ worker thread"               [_thread_blocked, id=5752, stack(0x0000007ef4900000,0x0000007ef4a00000) (1024K)]
  0x00000254c9b33690 JavaThread "DestroyJavaVM"                     [_thread_blocked, id=10956, stack(0x0000007ef3000000,0x0000007ef3100000) (1024K)]
  0x00000254f002e4b0 JavaThread "AWT-Shutdown"                      [_thread_blocked, id=13460, stack(0x0000007ef2d00000,0x0000007ef2e00000) (1024K)]
=>0x00000254eba0cda0 JavaThread "AWT-EventQueue-0"                  [_thread_in_native, id=8992, stack(0x0000007ef2e00000,0x0000007ef2f00000) (1024K)]
Total: 20

Other Threads:
  0x00000254eb485b70 VMThread "VM Thread"                           [id=6588, stack(0x0000007ef3700000,0x0000007ef3800000) (1024K)]
  0x00000254eb465400 WatcherThread "VM Periodic Task Thread"        [id=13120, stack(0x0000007ef3600000,0x0000007ef3700000) (1024K)]
  0x00000254cbdc0ec0 WorkerThread "GC Thread#0"                     [id=6304, stack(0x0000007ef3100000,0x0000007ef3200000) (1024K)]
  0x00000254cbdd1aa0 ConcurrentGCThread "G1 Main Marker"            [id=2636, stack(0x0000007ef3200000,0x0000007ef3300000) (1024K)]
  0x00000254cbdd2750 WorkerThread "G1 Conc#0"                       [id=10704, stack(0x0000007ef3300000,0x0000007ef3400000) (1024K)]
  0x00000254eb3371c0 ConcurrentGCThread "G1 Refine#0"               [id=4660, stack(0x0000007ef3400000,0x0000007ef3500000) (1024K)]
  0x00000254eb337b40 ConcurrentGCThread "G1 Service"                [id=6392, stack(0x0000007ef3500000,0x0000007ef3600000) (1024K)]
Total: 7

Threads with active compile tasks:
Total: 0

VM state: not at safepoint (normal execution)

VM Mutex/Monitor currently owned by a thread: None

Heap address: 0x0000000704000000, size: 4032 MB, Compressed Oops mode: Zero based, Oop shift amount: 3

CDS archive(s) mapped at: [0x0000025480000000-0x0000025480c90000-0x0000025480c90000), size 13172736, SharedBaseAddress: 0x0000025480000000, ArchiveRelocationMode: 1.
Compressed class space mapped at: 0x0000025481000000-0x00000254c1000000, reserved size: 1073741824
Narrow klass base: 0x0000025480000000, Narrow klass shift: 0, Narrow klass range: 0x100000000

GC Precious Log:
 CardTable entry size: 512
 Card Set container configuration: InlinePtr #cards 4 size 8 Array Of Cards #cards 16 size 48 Howl #buckets 8 coarsen threshold 3686 Howl Bitmap #cards 512 size 80 coarsen threshold 460 Card regions per heap region 1 cards per card region 4096
 CPUs: 12 total, 12 available
 Memory: 16125M
 Large Page Support: Disabled
 NUMA Support: Disabled
 Compressed Oops: Enabled (Zero based)
 Heap Region Size: 2M
 Heap Min Capacity: 8M
 Heap Initial Capacity: 252M
 Heap Max Capacity: 4032M
 Pre-touch: Disabled
 Parallel Workers: 10
 Concurrent Workers: 3
 Concurrent Refinement Workers: 10
 Periodic GC: Disabled

Heap:
 garbage-first heap   total 258048K, used 6144K [0x0000000704000000, 0x0000000800000000)
  region size 2048K, 4 young (8192K), 0 survivors (0K)
 Metaspace       used 2746K, committed 2880K, reserved 1114112K
  class space    used 256K, committed 320K, reserved 1048576K

Heap Regions: E=young(eden), S=young(survivor), O=old, HS=humongous(starts), HC=humongous(continues), CS=collection set, F=free, TAMS=top-at-mark-start, PB=parsable bottom
|   0|0x0000000704000000, 0x0000000704000000, 0x0000000704200000|  0%| F|  |TAMS 0x0000000704000000| PB 0x0000000704000000| Untracked 
|   1|0x0000000704200000, 0x0000000704200000, 0x0000000704400000|  0%| F|  |TAMS 0x0000000704200000| PB 0x0000000704200000| Untracked 
|   2|0x0000000704400000, 0x0000000704400000, 0x0000000704600000|  0%| F|  |TAMS 0x0000000704400000| PB 0x0000000704400000| Untracked 
|   3|0x0000000704600000, 0x0000000704600000, 0x0000000704800000|  0%| F|  |TAMS 0x0000000704600000| PB 0x0000000704600000| Untracked 
|   4|0x0000000704800000, 0x0000000704800000, 0x0000000704a00000|  0%| F|  |TAMS 0x0000000704800000| PB 0x0000000704800000| Untracked 
|   5|0x0000000704a00000, 0x0000000704a00000, 0x0000000704c00000|  0%| F|  |TAMS 0x0000000704a00000| PB 0x0000000704a00000| Untracked 
|   6|0x0000000704c00000, 0x0000000704c00000, 0x0000000704e00000|  0%| F|  |TAMS 0x0000000704c00000| PB 0x0000000704c00000| Untracked 
|   7|0x0000000704e00000, 0x0000000704e00000, 0x0000000705000000|  0%| F|  |TAMS 0x0000000704e00000| PB 0x0000000704e00000| Untracked 
|   8|0x0000000705000000, 0x0000000705000000, 0x0000000705200000|  0%| F|  |TAMS 0x0000000705000000| PB 0x0000000705000000| Untracked 
|   9|0x0000000705200000, 0x0000000705200000, 0x0000000705400000|  0%| F|  |TAMS 0x0000000705200000| PB 0x0000000705200000| Untracked 
|  10|0x0000000705400000, 0x0000000705400000, 0x0000000705600000|  0%| F|  |TAMS 0x0000000705400000| PB 0x0000000705400000| Untracked 
|  11|0x0000000705600000, 0x0000000705600000, 0x0000000705800000|  0%| F|  |TAMS 0x0000000705600000| PB 0x0000000705600000| Untracked 
|  12|0x0000000705800000, 0x0000000705800000, 0x0000000705a00000|  0%| F|  |TAMS 0x0000000705800000| PB 0x0000000705800000| Untracked 
|  13|0x0000000705a00000, 0x0000000705a00000, 0x0000000705c00000|  0%| F|  |TAMS 0x0000000705a00000| PB 0x0000000705a00000| Untracked 
|  14|0x0000000705c00000, 0x0000000705c00000, 0x0000000705e00000|  0%| F|  |TAMS 0x0000000705c00000| PB 0x0000000705c00000| Untracked 
|  15|0x0000000705e00000, 0x0000000705e00000, 0x0000000706000000|  0%| F|  |TAMS 0x0000000705e00000| PB 0x0000000705e00000| Untracked 
|  16|0x0000000706000000, 0x0000000706000000, 0x0000000706200000|  0%| F|  |TAMS 0x0000000706000000| PB 0x0000000706000000| Untracked 
|  17|0x0000000706200000, 0x0000000706200000, 0x0000000706400000|  0%| F|  |TAMS 0x0000000706200000| PB 0x0000000706200000| Untracked 
|  18|0x0000000706400000, 0x0000000706400000, 0x0000000706600000|  0%| F|  |TAMS 0x0000000706400000| PB 0x0000000706400000| Untracked 
|  19|0x0000000706600000, 0x0000000706600000, 0x0000000706800000|  0%| F|  |TAMS 0x0000000706600000| PB 0x0000000706600000| Untracked 
|  20|0x0000000706800000, 0x0000000706800000, 0x0000000706a00000|  0%| F|  |TAMS 0x0000000706800000| PB 0x0000000706800000| Untracked 
|  21|0x0000000706a00000, 0x0000000706a00000, 0x0000000706c00000|  0%| F|  |TAMS 0x0000000706a00000| PB 0x0000000706a00000| Untracked 
|  22|0x0000000706c00000, 0x0000000706c00000, 0x0000000706e00000|  0%| F|  |TAMS 0x0000000706c00000| PB 0x0000000706c00000| Untracked 
|  23|0x0000000706e00000, 0x0000000706e00000, 0x0000000707000000|  0%| F|  |TAMS 0x0000000706e00000| PB 0x0000000706e00000| Untracked 
|  24|0x0000000707000000, 0x0000000707000000, 0x0000000707200000|  0%| F|  |TAMS 0x0000000707000000| PB 0x0000000707000000| Untracked 
|  25|0x0000000707200000, 0x0000000707200000, 0x0000000707400000|  0%| F|  |TAMS 0x0000000707200000| PB 0x0000000707200000| Untracked 
|  26|0x0000000707400000, 0x0000000707400000, 0x0000000707600000|  0%| F|  |TAMS 0x0000000707400000| PB 0x0000000707400000| Untracked 
|  27|0x0000000707600000, 0x0000000707600000, 0x0000000707800000|  0%| F|  |TAMS 0x0000000707600000| PB 0x0000000707600000| Untracked 
|  28|0x0000000707800000, 0x0000000707800000, 0x0000000707a00000|  0%| F|  |TAMS 0x0000000707800000| PB 0x0000000707800000| Untracked 
|  29|0x0000000707a00000, 0x0000000707a00000, 0x0000000707c00000|  0%| F|  |TAMS 0x0000000707a00000| PB 0x0000000707a00000| Untracked 
|  30|0x0000000707c00000, 0x0000000707c00000, 0x0000000707e00000|  0%| F|  |TAMS 0x0000000707c00000| PB 0x0000000707c00000| Untracked 
|  31|0x0000000707e00000, 0x0000000707e00000, 0x0000000708000000|  0%| F|  |TAMS 0x0000000707e00000| PB 0x0000000707e00000| Untracked 
|  32|0x0000000708000000, 0x0000000708000000, 0x0000000708200000|  0%| F|  |TAMS 0x0000000708000000| PB 0x0000000708000000| Untracked 
|  33|0x0000000708200000, 0x0000000708200000, 0x0000000708400000|  0%| F|  |TAMS 0x0000000708200000| PB 0x0000000708200000| Untracked 
|  34|0x0000000708400000, 0x0000000708400000, 0x0000000708600000|  0%| F|  |TAMS 0x0000000708400000| PB 0x0000000708400000| Untracked 
|  35|0x0000000708600000, 0x0000000708600000, 0x0000000708800000|  0%| F|  |TAMS 0x0000000708600000| PB 0x0000000708600000| Untracked 
|  36|0x0000000708800000, 0x0000000708800000, 0x0000000708a00000|  0%| F|  |TAMS 0x0000000708800000| PB 0x0000000708800000| Untracked 
|  37|0x0000000708a00000, 0x0000000708a00000, 0x0000000708c00000|  0%| F|  |TAMS 0x0000000708a00000| PB 0x0000000708a00000| Untracked 
|  38|0x0000000708c00000, 0x0000000708c00000, 0x0000000708e00000|  0%| F|  |TAMS 0x0000000708c00000| PB 0x0000000708c00000| Untracked 
|  39|0x0000000708e00000, 0x0000000708e00000, 0x0000000709000000|  0%| F|  |TAMS 0x0000000708e00000| PB 0x0000000708e00000| Untracked 
|  40|0x0000000709000000, 0x0000000709000000, 0x0000000709200000|  0%| F|  |TAMS 0x0000000709000000| PB 0x0000000709000000| Untracked 
|  41|0x0000000709200000, 0x0000000709200000, 0x0000000709400000|  0%| F|  |TAMS 0x0000000709200000| PB 0x0000000709200000| Untracked 
|  42|0x0000000709400000, 0x0000000709400000, 0x0000000709600000|  0%| F|  |TAMS 0x0000000709400000| PB 0x0000000709400000| Untracked 
|  43|0x0000000709600000, 0x0000000709600000, 0x0000000709800000|  0%| F|  |TAMS 0x0000000709600000| PB 0x0000000709600000| Untracked 
|  44|0x0000000709800000, 0x0000000709800000, 0x0000000709a00000|  0%| F|  |TAMS 0x0000000709800000| PB 0x0000000709800000| Untracked 
|  45|0x0000000709a00000, 0x0000000709a00000, 0x0000000709c00000|  0%| F|  |TAMS 0x0000000709a00000| PB 0x0000000709a00000| Untracked 
|  46|0x0000000709c00000, 0x0000000709c00000, 0x0000000709e00000|  0%| F|  |TAMS 0x0000000709c00000| PB 0x0000000709c00000| Untracked 
|  47|0x0000000709e00000, 0x0000000709e00000, 0x000000070a000000|  0%| F|  |TAMS 0x0000000709e00000| PB 0x0000000709e00000| Untracked 
|  48|0x000000070a000000, 0x000000070a000000, 0x000000070a200000|  0%| F|  |TAMS 0x000000070a000000| PB 0x000000070a000000| Untracked 
|  49|0x000000070a200000, 0x000000070a200000, 0x000000070a400000|  0%| F|  |TAMS 0x000000070a200000| PB 0x000000070a200000| Untracked 
|  50|0x000000070a400000, 0x000000070a400000, 0x000000070a600000|  0%| F|  |TAMS 0x000000070a400000| PB 0x000000070a400000| Untracked 
|  51|0x000000070a600000, 0x000000070a600000, 0x000000070a800000|  0%| F|  |TAMS 0x000000070a600000| PB 0x000000070a600000| Untracked 
|  52|0x000000070a800000, 0x000000070a800000, 0x000000070aa00000|  0%| F|  |TAMS 0x000000070a800000| PB 0x000000070a800000| Untracked 
|  53|0x000000070aa00000, 0x000000070aa00000, 0x000000070ac00000|  0%| F|  |TAMS 0x000000070aa00000| PB 0x000000070aa00000| Untracked 
|  54|0x000000070ac00000, 0x000000070ac00000, 0x000000070ae00000|  0%| F|  |TAMS 0x000000070ac00000| PB 0x000000070ac00000| Untracked 
|  55|0x000000070ae00000, 0x000000070ae00000, 0x000000070b000000|  0%| F|  |TAMS 0x000000070ae00000| PB 0x000000070ae00000| Untracked 
|  56|0x000000070b000000, 0x000000070b000000, 0x000000070b200000|  0%| F|  |TAMS 0x000000070b000000| PB 0x000000070b000000| Untracked 
|  57|0x000000070b200000, 0x000000070b200000, 0x000000070b400000|  0%| F|  |TAMS 0x000000070b200000| PB 0x000000070b200000| Untracked 
|  58|0x000000070b400000, 0x000000070b400000, 0x000000070b600000|  0%| F|  |TAMS 0x000000070b400000| PB 0x000000070b400000| Untracked 
|  59|0x000000070b600000, 0x000000070b600000, 0x000000070b800000|  0%| F|  |TAMS 0x000000070b600000| PB 0x000000070b600000| Untracked 
|  60|0x000000070b800000, 0x000000070b800000, 0x000000070ba00000|  0%| F|  |TAMS 0x000000070b800000| PB 0x000000070b800000| Untracked 
|  61|0x000000070ba00000, 0x000000070ba00000, 0x000000070bc00000|  0%| F|  |TAMS 0x000000070ba00000| PB 0x000000070ba00000| Untracked 
|  62|0x000000070bc00000, 0x000000070bc00000, 0x000000070be00000|  0%| F|  |TAMS 0x000000070bc00000| PB 0x000000070bc00000| Untracked 
|  63|0x000000070be00000, 0x000000070be00000, 0x000000070c000000|  0%| F|  |TAMS 0x000000070be00000| PB 0x000000070be00000| Untracked 
|  64|0x000000070c000000, 0x000000070c000000, 0x000000070c200000|  0%| F|  |TAMS 0x000000070c000000| PB 0x000000070c000000| Untracked 
|  65|0x000000070c200000, 0x000000070c200000, 0x000000070c400000|  0%| F|  |TAMS 0x000000070c200000| PB 0x000000070c200000| Untracked 
|  66|0x000000070c400000, 0x000000070c400000, 0x000000070c600000|  0%| F|  |TAMS 0x000000070c400000| PB 0x000000070c400000| Untracked 
|  67|0x000000070c600000, 0x000000070c600000, 0x000000070c800000|  0%| F|  |TAMS 0x000000070c600000| PB 0x000000070c600000| Untracked 
|  68|0x000000070c800000, 0x000000070c800000, 0x000000070ca00000|  0%| F|  |TAMS 0x000000070c800000| PB 0x000000070c800000| Untracked 
|  69|0x000000070ca00000, 0x000000070ca00000, 0x000000070cc00000|  0%| F|  |TAMS 0x000000070ca00000| PB 0x000000070ca00000| Untracked 
|  70|0x000000070cc00000, 0x000000070cc00000, 0x000000070ce00000|  0%| F|  |TAMS 0x000000070cc00000| PB 0x000000070cc00000| Untracked 
|  71|0x000000070ce00000, 0x000000070ce00000, 0x000000070d000000|  0%| F|  |TAMS 0x000000070ce00000| PB 0x000000070ce00000| Untracked 
|  72|0x000000070d000000, 0x000000070d000000, 0x000000070d200000|  0%| F|  |TAMS 0x000000070d000000| PB 0x000000070d000000| Untracked 
|  73|0x000000070d200000, 0x000000070d200000, 0x000000070d400000|  0%| F|  |TAMS 0x000000070d200000| PB 0x000000070d200000| Untracked 
|  74|0x000000070d400000, 0x000000070d400000, 0x000000070d600000|  0%| F|  |TAMS 0x000000070d400000| PB 0x000000070d400000| Untracked 
|  75|0x000000070d600000, 0x000000070d600000, 0x000000070d800000|  0%| F|  |TAMS 0x000000070d600000| PB 0x000000070d600000| Untracked 
|  76|0x000000070d800000, 0x000000070d800000, 0x000000070da00000|  0%| F|  |TAMS 0x000000070d800000| PB 0x000000070d800000| Untracked 
|  77|0x000000070da00000, 0x000000070da00000, 0x000000070dc00000|  0%| F|  |TAMS 0x000000070da00000| PB 0x000000070da00000| Untracked 
|  78|0x000000070dc00000, 0x000000070dc00000, 0x000000070de00000|  0%| F|  |TAMS 0x000000070dc00000| PB 0x000000070dc00000| Untracked 
|  79|0x000000070de00000, 0x000000070de00000, 0x000000070e000000|  0%| F|  |TAMS 0x000000070de00000| PB 0x000000070de00000| Untracked 
|  80|0x000000070e000000, 0x000000070e000000, 0x000000070e200000|  0%| F|  |TAMS 0x000000070e000000| PB 0x000000070e000000| Untracked 
|  81|0x000000070e200000, 0x000000070e200000, 0x000000070e400000|  0%| F|  |TAMS 0x000000070e200000| PB 0x000000070e200000| Untracked 
|  82|0x000000070e400000, 0x000000070e400000, 0x000000070e600000|  0%| F|  |TAMS 0x000000070e400000| PB 0x000000070e400000| Untracked 
|  83|0x000000070e600000, 0x000000070e600000, 0x000000070e800000|  0%| F|  |TAMS 0x000000070e600000| PB 0x000000070e600000| Untracked 
|  84|0x000000070e800000, 0x000000070e800000, 0x000000070ea00000|  0%| F|  |TAMS 0x000000070e800000| PB 0x000000070e800000| Untracked 
|  85|0x000000070ea00000, 0x000000070ea00000, 0x000000070ec00000|  0%| F|  |TAMS 0x000000070ea00000| PB 0x000000070ea00000| Untracked 
|  86|0x000000070ec00000, 0x000000070ec00000, 0x000000070ee00000|  0%| F|  |TAMS 0x000000070ec00000| PB 0x000000070ec00000| Untracked 
|  87|0x000000070ee00000, 0x000000070ee00000, 0x000000070f000000|  0%| F|  |TAMS 0x000000070ee00000| PB 0x000000070ee00000| Untracked 
|  88|0x000000070f000000, 0x000000070f000000, 0x000000070f200000|  0%| F|  |TAMS 0x000000070f000000| PB 0x000000070f000000| Untracked 
|  89|0x000000070f200000, 0x000000070f200000, 0x000000070f400000|  0%| F|  |TAMS 0x000000070f200000| PB 0x000000070f200000| Untracked 
|  90|0x000000070f400000, 0x000000070f400000, 0x000000070f600000|  0%| F|  |TAMS 0x000000070f400000| PB 0x000000070f400000| Untracked 
|  91|0x000000070f600000, 0x000000070f600000, 0x000000070f800000|  0%| F|  |TAMS 0x000000070f600000| PB 0x000000070f600000| Untracked 
|  92|0x000000070f800000, 0x000000070f800000, 0x000000070fa00000|  0%| F|  |TAMS 0x000000070f800000| PB 0x000000070f800000| Untracked 
|  93|0x000000070fa00000, 0x000000070fa00000, 0x000000070fc00000|  0%| F|  |TAMS 0x000000070fa00000| PB 0x000000070fa00000| Untracked 
|  94|0x000000070fc00000, 0x000000070fc00000, 0x000000070fe00000|  0%| F|  |TAMS 0x000000070fc00000| PB 0x000000070fc00000| Untracked 
|  95|0x000000070fe00000, 0x000000070fe00000, 0x0000000710000000|  0%| F|  |TAMS 0x000000070fe00000| PB 0x000000070fe00000| Untracked 
|  96|0x0000000710000000, 0x0000000710000000, 0x0000000710200000|  0%| F|  |TAMS 0x0000000710000000| PB 0x0000000710000000| Untracked 
|  97|0x0000000710200000, 0x0000000710200000, 0x0000000710400000|  0%| F|  |TAMS 0x0000000710200000| PB 0x0000000710200000| Untracked 
|  98|0x0000000710400000, 0x0000000710400000, 0x0000000710600000|  0%| F|  |TAMS 0x0000000710400000| PB 0x0000000710400000| Untracked 
|  99|0x0000000710600000, 0x0000000710600000, 0x0000000710800000|  0%| F|  |TAMS 0x0000000710600000| PB 0x0000000710600000| Untracked 
| 100|0x0000000710800000, 0x0000000710800000, 0x0000000710a00000|  0%| F|  |TAMS 0x0000000710800000| PB 0x0000000710800000| Untracked 
| 101|0x0000000710a00000, 0x0000000710a00000, 0x0000000710c00000|  0%| F|  |TAMS 0x0000000710a00000| PB 0x0000000710a00000| Untracked 
| 102|0x0000000710c00000, 0x0000000710c00000, 0x0000000710e00000|  0%| F|  |TAMS 0x0000000710c00000| PB 0x0000000710c00000| Untracked 
| 103|0x0000000710e00000, 0x0000000710e00000, 0x0000000711000000|  0%| F|  |TAMS 0x0000000710e00000| PB 0x0000000710e00000| Untracked 
| 104|0x0000000711000000, 0x0000000711000000, 0x0000000711200000|  0%| F|  |TAMS 0x0000000711000000| PB 0x0000000711000000| Untracked 
| 105|0x0000000711200000, 0x0000000711200000, 0x0000000711400000|  0%| F|  |TAMS 0x0000000711200000| PB 0x0000000711200000| Untracked 
| 106|0x0000000711400000, 0x0000000711400000, 0x0000000711600000|  0%| F|  |TAMS 0x0000000711400000| PB 0x0000000711400000| Untracked 
| 107|0x0000000711600000, 0x0000000711600000, 0x0000000711800000|  0%| F|  |TAMS 0x0000000711600000| PB 0x0000000711600000| Untracked 
| 108|0x0000000711800000, 0x0000000711800000, 0x0000000711a00000|  0%| F|  |TAMS 0x0000000711800000| PB 0x0000000711800000| Untracked 
| 109|0x0000000711a00000, 0x0000000711a00000, 0x0000000711c00000|  0%| F|  |TAMS 0x0000000711a00000| PB 0x0000000711a00000| Untracked 
| 110|0x0000000711c00000, 0x0000000711c00000, 0x0000000711e00000|  0%| F|  |TAMS 0x0000000711c00000| PB 0x0000000711c00000| Untracked 
| 111|0x0000000711e00000, 0x0000000711e00000, 0x0000000712000000|  0%| F|  |TAMS 0x0000000711e00000| PB 0x0000000711e00000| Untracked 
| 112|0x0000000712000000, 0x0000000712000000, 0x0000000712200000|  0%| F|  |TAMS 0x0000000712000000| PB 0x0000000712000000| Untracked 
| 113|0x0000000712200000, 0x0000000712200000, 0x0000000712400000|  0%| F|  |TAMS 0x0000000712200000| PB 0x0000000712200000| Untracked 
| 114|0x0000000712400000, 0x0000000712400000, 0x0000000712600000|  0%| F|  |TAMS 0x0000000712400000| PB 0x0000000712400000| Untracked 
| 115|0x0000000712600000, 0x0000000712600000, 0x0000000712800000|  0%| F|  |TAMS 0x0000000712600000| PB 0x0000000712600000| Untracked 
| 116|0x0000000712800000, 0x0000000712800000, 0x0000000712a00000|  0%| F|  |TAMS 0x0000000712800000| PB 0x0000000712800000| Untracked 
| 117|0x0000000712a00000, 0x0000000712a00000, 0x0000000712c00000|  0%| F|  |TAMS 0x0000000712a00000| PB 0x0000000712a00000| Untracked 
| 118|0x0000000712c00000, 0x0000000712c00000, 0x0000000712e00000|  0%| F|  |TAMS 0x0000000712c00000| PB 0x0000000712c00000| Untracked 
| 119|0x0000000712e00000, 0x0000000712e00000, 0x0000000713000000|  0%| F|  |TAMS 0x0000000712e00000| PB 0x0000000712e00000| Untracked 
| 120|0x0000000713000000, 0x0000000713000000, 0x0000000713200000|  0%| F|  |TAMS 0x0000000713000000| PB 0x0000000713000000| Untracked 
| 121|0x0000000713200000, 0x0000000713200000, 0x0000000713400000|  0%| F|  |TAMS 0x0000000713200000| PB 0x0000000713200000| Untracked 
| 122|0x0000000713400000, 0x00000007135c31a0, 0x0000000713600000| 88%| E|  |TAMS 0x0000000713400000| PB 0x0000000713400000| Complete 
| 123|0x0000000713600000, 0x0000000713800000, 0x0000000713800000|100%| E|CS|TAMS 0x0000000713600000| PB 0x0000000713600000| Complete 
| 124|0x0000000713800000, 0x0000000713a00000, 0x0000000713a00000|100%| E|CS|TAMS 0x0000000713800000| PB 0x0000000713800000| Complete 
| 125|0x0000000713a00000, 0x0000000713c00000, 0x0000000713c00000|100%| E|CS|TAMS 0x0000000713a00000| PB 0x0000000713a00000| Complete 

Card table byte_map: [0x00000254e4160000,0x00000254e4940000] _byte_map_base: 0x00000254e0940000

Marking Bits: (CMBitMap*) 0x00000254cbdc15c0
 Bits: [0x00000254e4940000, 0x00000254e8840000)

Polling page: 0x00000254c9d60000

Metaspace:

Usage:
  Non-class:      2.43 MB used.
      Class:    256.09 KB used.
       Both:      2.68 MB used.

Virtual space:
  Non-class space:       64.00 MB reserved,       2.50 MB (  4%) committed,  1 nodes.
      Class space:        1.00 GB reserved,     320.00 KB ( <1%) committed,  1 nodes.
             Both:        1.06 GB reserved,       2.81 MB ( <1%) committed. 

Chunk freelists:
   Non-Class:  11.88 MB
       Class:  15.70 MB
        Both:  27.58 MB

MaxMetaspaceSize: unlimited
CompressedClassSpaceSize: 1.00 GB
Initial GC threshold: 21.00 MB
Current GC threshold: 21.00 MB
CDS: on
 - commit_granule_bytes: 65536.
 - commit_granule_words: 8192.
 - virtual_space_node_default_size: 8388608.
 - enlarge_chunks_in_place: 1.
 - use_allocation_guard: 0.


Internal statistics:

num_allocs_failed_limit: 0.
num_arena_births: 90.
num_arena_deaths: 0.
num_vsnodes_births: 2.
num_vsnodes_deaths: 0.
num_space_committed: 45.
num_space_uncommitted: 0.
num_chunks_returned_to_freelist: 0.
num_chunks_taken_from_freelist: 107.
num_chunk_merges: 0.
num_chunk_splits: 69.
num_chunks_enlarged: 32.
num_inconsistent_stats: 0.

CodeHeap 'non-profiled nmethods': size=120000Kb used=131Kb max_used=131Kb free=119868Kb
 bounds [0x00000254dbf00000, 0x00000254dc170000, 0x00000254e3430000]
CodeHeap 'profiled nmethods': size=120000Kb used=517Kb max_used=517Kb free=119482Kb
 bounds [0x00000254d4430000, 0x00000254d46a0000, 0x00000254db960000]
CodeHeap 'non-nmethods': size=5760Kb used=1450Kb max_used=1457Kb free=4309Kb
 bounds [0x00000254db960000, 0x00000254dbbd0000, 0x00000254dbf00000]
 total_blobs=863 nmethods=379 adapters=389
 compilation: enabled
              stopped_count=0, restarted_count=0
 full_count=0

Compilation events (20 events):
Event: 0.631 Thread 0x00000254eb4b1900  368       3       java.lang.Class::getName (18 bytes)
Event: 0.631 Thread 0x00000254eb4b1900 nmethod 368 0x00000254d44ac590 code [0x00000254d44ac740, 0x00000254d44ac8e8]
Event: 0.632 Thread 0x00000254eb4b1900  369       1       java.lang.Class::getModule (5 bytes)
Event: 0.632 Thread 0x00000254eb4b1900 nmethod 369 0x00000254dbf20290 code [0x00000254dbf20420, 0x00000254dbf204f0]
Event: 0.646 Thread 0x00000254eb4b1900  371       1       java.net.URL::getHost (5 bytes)
Event: 0.646 Thread 0x00000254eb4b1900 nmethod 371 0x00000254dbf20890 code [0x00000254dbf20a20, 0x00000254dbf20af0]
Event: 0.646 Thread 0x00000254eb4b1900  372       3       java.lang.String::startsWith (123 bytes)
Event: 0.646 Thread 0x00000254eb4b1900 nmethod 372 0x00000254d44ac990 code [0x00000254d44acbc0, 0x00000254d44ad398]
Event: 0.646 Thread 0x00000254eb4b1900  373       3       java.lang.String::startsWith (7 bytes)
Event: 0.646 Thread 0x00000254eb4b1900 nmethod 373 0x00000254d44ad610 code [0x00000254d44ad7c0, 0x00000254d44ad918]
Event: 0.646 Thread 0x00000254eb4b1900  374       3       java.lang.CharacterData::of (136 bytes)
Event: 0.647 Thread 0x00000254eb4b1900 nmethod 374 0x00000254d44ada10 code [0x00000254d44adc60, 0x00000254d44ae5e0]
Event: 995.531 Thread 0x00000254eb4b1900  376       3       java.util.HashMap::isEmpty (13 bytes)
Event: 995.531 Thread 0x00000254eb4b1900 nmethod 376 0x00000254d44ae810 code [0x00000254d44ae9a0, 0x00000254d44aeb08]
Event: 995.585 Thread 0x00000254eb4b1900  377       3       java.lang.invoke.MethodHandle::<init> (37 bytes)
Event: 995.586 Thread 0x00000254eb4b1900 nmethod 377 0x00000254d44aeb90 code [0x00000254d44aeda0, 0x00000254d44af350]
Event: 995.586 Thread 0x00000254eb4b1900  379       3       java.util.concurrent.ConcurrentHashMap$Traverser::advance (188 bytes)
Event: 995.586 Thread 0x00000254eb4b1900 nmethod 379 0x00000254d44af610 code [0x00000254d44af860, 0x00000254d44b0440]
Event: 995.586 Thread 0x00000254eb4b1900  378       3       java.lang.invoke.LambdaForm::prepare (108 bytes)
Event: 995.587 Thread 0x00000254eb4b1900 nmethod 378 0x00000254d44b0710 code [0x00000254d44b0960, 0x00000254d44b11a0]

GC Heap History (0 events):
No events

Dll operation events (7 events):
Event: 0.012 Loaded shared library C:\Program Files\BlueJ\jdk\bin\java.dll
Event: 0.063 Loaded shared library C:\Program Files\BlueJ\jdk\bin\jsvml.dll
Event: 0.405 Loaded shared library C:\Program Files\BlueJ\jdk\bin\net.dll
Event: 0.407 Loaded shared library C:\Program Files\BlueJ\jdk\bin\nio.dll
Event: 0.436 Loaded shared library C:\Program Files\BlueJ\jdk\bin\zip.dll
Event: 0.538 Loaded shared library C:\Program Files\BlueJ\jdk\bin\jimage.dll
Event: 0.544 Loaded shared library C:\Program Files\BlueJ\jdk\bin\awt.dll

Deoptimization events (4 events):
Event: 0.484 Thread 0x00000254c9b33690 Uncommon trap: trap_request=0xffffff45 fr.pc=0x00000254dbf06620 relative=0x0000000000000980
Event: 0.484 Thread 0x00000254c9b33690 Uncommon trap: reason=unstable_if action=reinterpret pc=0x00000254dbf06620 method=java.util.zip.ZipFile$Source.checkAndAddEntry(II)I @ 128 c2
Event: 0.484 Thread 0x00000254c9b33690 DEOPT PACKING pc=0x00000254dbf06620 sp=0x0000007ef30fa640
Event: 0.484 Thread 0x00000254c9b33690 DEOPT UNPACKING pc=0x00000254db9b46a2 sp=0x0000007ef30fa5d0 mode 2

Classes loaded (20 events):
Event: 995.584 Loading class sun/java2d/d3d/D3DContext$D3DContextCaps
Event: 995.584 Loading class sun/java2d/pipe/hw/ContextCapabilities
Event: 995.585 Loading class sun/java2d/pipe/hw/ContextCapabilities done
Event: 995.585 Loading class sun/java2d/d3d/D3DContext$D3DContextCaps done
Event: 995.586 Loading class sun/awt/Win32GraphicsConfig
Event: 995.586 Loading class sun/awt/image/SurfaceManager$ProxiedGraphicsConfig
Event: 995.586 Loading class sun/awt/image/SurfaceManager$ProxiedGraphicsConfig done
Event: 995.586 Loading class java/awt/GraphicsConfiguration
Event: 995.586 Loading class java/awt/GraphicsConfiguration done
Event: 995.586 Loading class sun/awt/Win32GraphicsConfig done
Event: 995.587 Loading class java/awt/Rectangle
Event: 995.587 Loading class java/awt/Shape
Event: 995.587 Loading class java/awt/Shape done
Event: 995.587 Loading class java/awt/geom/Rectangle2D
Event: 995.587 Loading class java/awt/geom/RectangularShape
Event: 995.587 Loading class java/awt/geom/RectangularShape done
Event: 995.587 Loading class java/awt/geom/Rectangle2D done
Event: 995.587 Loading class java/awt/Rectangle done
Event: 995.592 Loading class java/util/ArrayList$ListItr
Event: 995.592 Loading class java/util/ArrayList$ListItr done

Classes unloaded (0 events):
No events

Classes redefined (0 events):
No events

Internal exceptions (3 events):
Event: 0.522 Thread 0x00000254c9b33690 Exception <a 'java/lang/ClassNotFoundException'{0x00000007139aca10}: sun/awt/resources/spi/awtProvider> (0x00000007139aca10) 
thrown [s\src\hotspot\share\classfile\systemDictionary.cpp, line 312]
Event: 0.555 Thread 0x00000254c9b33690 Exception <a 'java/io/FileNotFoundException'{0x000000071360ffa0}> (0x000000071360ffa0) 
thrown [s\src\hotspot\share\prims\jni.cpp, line 520]
Event: 0.563 Thread 0x00000254c9b33690 Exception <a 'java/io/FileNotFoundException'{0x000000071363a860}> (0x000000071363a860) 
thrown [s\src\hotspot\share\prims\jni.cpp, line 520]

ZGC Phase Switch (0 events):
No events

VM Operations (16 events):
Event: 0.442 Executing VM operation: HandshakeAllThreads (Deoptimize)
Event: 0.442 Executing VM operation: HandshakeAllThreads (Deoptimize) done
Event: 0.507 Executing VM operation: ChangeBreakpoints
Event: 0.507 Executing VM operation: ChangeBreakpoints done
Event: 0.508 Executing VM operation: ChangeBreakpoints
Event: 0.508 Executing VM operation: ChangeBreakpoints done
Event: 0.508 Executing VM operation: ChangeBreakpoints
Event: 0.508 Executing VM operation: ChangeBreakpoints done
Event: 1.511 Executing VM operation: Cleanup
Event: 1.512 Executing VM operation: Cleanup done
Event: 1.638 Executing VM operation: HandshakeAllThreads (Deoptimize)
Event: 1.638 Executing VM operation: HandshakeAllThreads (Deoptimize) done
Event: 60.154 Executing VM operation: HandshakeAllThreads (HandshakeForDeflation)
Event: 60.154 Executing VM operation: HandshakeAllThreads (HandshakeForDeflation) done
Event: 60.154 Executing VM operation: RendezvousGCThreads
Event: 60.154 Executing VM operation: RendezvousGCThreads done

Memory protections (0 events):
No events

Nmethod flushes (0 events):
No events

Events (20 events):
Event: 0.058 Thread 0x00000254c9b33690 Thread added: 0x00000254eb4a9640
Event: 0.058 Thread 0x00000254c9b33690 Thread added: 0x00000254eb4b0110
Event: 0.058 Thread 0x00000254c9b33690 Thread added: 0x00000254eb4b1900
Event: 0.339 Thread 0x00000254c9b33690 Thread added: 0x00000254eb784d60
Event: 0.339 Thread 0x00000254c9b33690 Thread added: 0x00000254eb788190
Event: 0.340 Thread 0x00000254eb784d60 Thread added: 0x00000254eb788ae0
Event: 0.370 Thread 0x00000254c9b33690 Thread added: 0x00000254eb789220
Event: 0.384 Thread 0x00000254c9b33690 Thread added: 0x00000254eb798d70
Event: 0.617 Thread 0x00000254c9b33690 Thread added: 0x00000254f0028ba0
Event: 0.619 Thread 0x00000254c9b33690 Thread added: 0x00000254f002e4b0
Event: 0.621 Thread 0x00000254c9b33690 Thread added: 0x00000254f0031350
Event: 0.634 Thread 0x00000254c9b33690 Thread added: 0x00000254eba0a890
Event: 0.634 Thread 0x00000254c9b33690 Thread added: 0x00000254eba0b310
Event: 0.634 Thread 0x00000254c9b33690 Thread exited: 0x00000254c9b33690
Event: 0.634 Thread 0x00000254c9b33690 Thread added: 0x00000254c9b33690
Event: 1.647 Thread 0x00000254f002e4b0 Thread exited: 0x00000254f002e4b0
Event: 974.614 Thread 0x00000254f0031350 Thread added: 0x00000254f002e4b0
Event: 975.660 Thread 0x00000254f002e4b0 Thread exited: 0x00000254f002e4b0
Event: 994.863 Thread 0x00000254f0031350 Thread added: 0x00000254f002e4b0
Event: 994.988 Thread 0x00000254f0031350 Thread added: 0x00000254eba0cda0


Dynamic libraries:
0x00007ff64a8f0000 - 0x00007ff64a8fe000 	C:\Program Files\BlueJ\jdk\bin\java.exe
0x00007ffa12d10000 - 0x00007ffa12f27000 	C:\WINDOWS\SYSTEM32\ntdll.dll
0x00007ffa122f0000 - 0x00007ffa123b4000 	C:\WINDOWS\System32\KERNEL32.DLL
0x00007ffa102f0000 - 0x00007ffa1069d000 	C:\WINDOWS\System32\KERNELBASE.dll
0x00007ffa10800000 - 0x00007ffa10911000 	C:\WINDOWS\System32\ucrtbase.dll
0x00007ffa0ac60000 - 0x00007ffa0ac78000 	C:\Program Files\BlueJ\jdk\bin\jli.dll
0x00007ffa12580000 - 0x00007ffa1272e000 	C:\WINDOWS\System32\USER32.dll
0x00007ffa10030000 - 0x00007ffa10056000 	C:\WINDOWS\System32\win32u.dll
0x00007ffa12810000 - 0x00007ffa12839000 	C:\WINDOWS\System32\GDI32.dll
0x00007ffa10920000 - 0x00007ffa10a39000 	C:\WINDOWS\System32\gdi32full.dll
0x00007ffa106a0000 - 0x00007ffa1073a000 	C:\WINDOWS\System32\msvcp_win.dll
0x00007ff9f7430000 - 0x00007ff9f76c3000 	C:\WINDOWS\WinSxS\amd64_microsoft.windows.common-controls_6595b64144ccf1df_6.0.22621.3672_none_2713b9d173822955\COMCTL32.dll
0x00007ffa12240000 - 0x00007ffa122e7000 	C:\WINDOWS\System32\msvcrt.dll
0x00007ffa0ac40000 - 0x00007ffa0ac5b000 	C:\Program Files\BlueJ\jdk\bin\VCRUNTIME140.dll
0x00007ffa11280000 - 0x00007ffa112b1000 	C:\WINDOWS\System32\IMM32.DLL
0x00007ffa0ac30000 - 0x00007ffa0ac3c000 	C:\Program Files\BlueJ\jdk\bin\vcruntime140_1.dll
0x00007ff9db000000 - 0x00007ff9db08e000 	C:\Program Files\BlueJ\jdk\bin\msvcp140.dll
0x00007ff9b14f0000 - 0x00007ff9b2278000 	C:\Program Files\BlueJ\jdk\bin\server\jvm.dll
0x00007ffa10e50000 - 0x00007ffa10f02000 	C:\WINDOWS\System32\ADVAPI32.dll
0x00007ffa111d0000 - 0x00007ffa11279000 	C:\WINDOWS\System32\sechost.dll
0x00007ffa10150000 - 0x00007ffa10178000 	C:\WINDOWS\System32\bcrypt.dll
0x00007ffa123c0000 - 0x00007ffa124d4000 	C:\WINDOWS\System32\RPCRT4.dll
0x00007ffa112c0000 - 0x00007ffa11331000 	C:\WINDOWS\System32\WS2_32.dll
0x00007ffa0f7e0000 - 0x00007ffa0f82d000 	C:\WINDOWS\SYSTEM32\POWRPROF.dll
0x00007ffa04500000 - 0x00007ffa0450a000 	C:\WINDOWS\SYSTEM32\VERSION.dll
0x00007ffa08cd0000 - 0x00007ffa08d04000 	C:\WINDOWS\SYSTEM32\WINMM.dll
0x00007ffa0f7c0000 - 0x00007ffa0f7d3000 	C:\WINDOWS\SYSTEM32\UMPDC.dll
0x00007ffa0f080000 - 0x00007ffa0f098000 	C:\WINDOWS\SYSTEM32\kernel.appcore.dll
0x00007ffa0ac20000 - 0x00007ffa0ac2a000 	C:\Program Files\BlueJ\jdk\bin\jimage.dll
0x00007ffa0cbb0000 - 0x00007ffa0cde2000 	C:\WINDOWS\SYSTEM32\DBGHELP.DLL
0x00007ffa10a60000 - 0x00007ffa10dee000 	C:\WINDOWS\System32\combase.dll
0x00007ffa11610000 - 0x00007ffa116e7000 	C:\WINDOWS\System32\OLEAUT32.dll
0x00007ffa0cb50000 - 0x00007ffa0cb82000 	C:\WINDOWS\SYSTEM32\dbgcore.DLL
0x00007ffa100d0000 - 0x00007ffa1014b000 	C:\WINDOWS\System32\bcryptPrimitives.dll
0x00007ff9b2680000 - 0x00007ff9b26bc000 	C:\Program Files\BlueJ\jdk\bin\jdwp.dll
0x00007ffa0ac00000 - 0x00007ffa0ac1f000 	C:\Program Files\BlueJ\jdk\bin\java.dll
0x00007ffa11800000 - 0x00007ffa12067000 	C:\WINDOWS\System32\SHELL32.dll
0x00007ffa0dfb0000 - 0x00007ffa0e8af000 	C:\WINDOWS\SYSTEM32\windows.storage.dll
0x00007ffa0de70000 - 0x00007ffa0dfaf000 	C:\WINDOWS\SYSTEM32\wintypes.dll
0x00007ffa110d0000 - 0x00007ffa111c9000 	C:\WINDOWS\System32\SHCORE.dll
0x00007ffa114a0000 - 0x00007ffa114fe000 	C:\WINDOWS\System32\shlwapi.dll
0x00007ffa0ff60000 - 0x00007ffa0ff87000 	C:\WINDOWS\SYSTEM32\profapi.dll
0x00007ff9b5550000 - 0x00007ff9b5627000 	C:\Program Files\BlueJ\jdk\bin\jsvml.dll
0x00007ff9e52e0000 - 0x00007ff9e52eb000 	C:\Program Files\BlueJ\jdk\bin\dt_shmem.dll
0x00007ffa04e10000 - 0x00007ffa04e20000 	C:\Program Files\BlueJ\jdk\bin\net.dll
0x00007ffa08a80000 - 0x00007ffa08bb6000 	C:\WINDOWS\SYSTEM32\WINHTTP.dll
0x00007ffa0f560000 - 0x00007ffa0f5c9000 	C:\WINDOWS\system32\mswsock.dll
0x00007ffa04df0000 - 0x00007ffa04e06000 	C:\Program Files\BlueJ\jdk\bin\nio.dll
0x00007ffa04dd0000 - 0x00007ffa04de8000 	C:\Program Files\BlueJ\jdk\bin\zip.dll
0x00007ff9aef20000 - 0x00007ff9af0ae000 	C:\Program Files\BlueJ\jdk\bin\awt.dll
0x00007ffa0cab0000 - 0x00007ffa0cb47000 	C:\WINDOWS\SYSTEM32\apphelp.dll
0x00007ffa0d5a0000 - 0x00007ffa0d651000 	C:\WINDOWS\system32\uxtheme.dll
0x00007ffa11340000 - 0x00007ffa1149e000 	C:\WINDOWS\System32\MSCTF.dll
0x00007ffa10f20000 - 0x00007ffa110c5000 	C:\WINDOWS\System32\ole32.dll
0x00007ffa0d9f0000 - 0x00007ffa0da1b000 	C:\WINDOWS\system32\DWMAPI.DLL
0x00007ff9ab4a0000 - 0x00007ff9ab5a0000 	C:\WINDOWS\system32\opengl32.dll
0x00007ff9bad80000 - 0x00007ff9badad000 	C:\WINDOWS\SYSTEM32\GLU32.dll
0x00007ffa0d6b0000 - 0x00007ffa0d6e7000 	C:\WINDOWS\SYSTEM32\dxcore.dll

dbghelp: loaded successfully - version: 4.0.5 - missing functions: none
symbol engine: initialized successfully - sym options: 0x614 - pdb path: .;C:\Program Files\BlueJ\jdk\bin;C:\WINDOWS\SYSTEM32;C:\WINDOWS\WinSxS\amd64_microsoft.windows.common-controls_6595b64144ccf1df_6.0.22621.3672_none_2713b9d173822955;C:\Program Files\BlueJ\jdk\bin\server

VM Arguments:
jvm_args: -ea -agentlib:jdwp=transport=dt_shmem,address=javadebug -Dfile.encoding=UTF-8 
java_command: bluej.runtime.ExecServer UTF-8
java_class_path (initial): C:\Program Files\BlueJ\lib\bluejcore.jar;C:\Program Files\BlueJ\lib\javafx-base-21.0.3-win.jar;C:\Program Files\BlueJ\lib\javafx-controls-21.0.3-win.jar;C:\Program Files\BlueJ\lib\javafx-fxml-21.0.3-win.jar;C:\Program Files\BlueJ\lib\javafx-graphics-21.0.3-win.jar;C:\Program Files\BlueJ\lib\javafx-media-21.0.3-win.jar;C:\Program Files\BlueJ\lib\javafx-swing-21.0.3-win.jar;C:\Program Files\BlueJ\lib\javafx-web-21.0.3-win.jar;C:\Program Files\BlueJ\lib\junit-4.12.jar;C:\Program Files\BlueJ\lib\junit-jupiter-5.5.2.jar;C:\Program Files\BlueJ\lib\junit-jupiter-api-5.5.2.jar;C:\Program Files\BlueJ\lib\junit-jupiter-engine-5.5.2.jar;C:\Program Files\BlueJ\lib\junit-jupiter-params-5.5.2.jar;C:\Program Files\BlueJ\lib\junit-platform-commons-1.5.2.jar;C:\Program Files\BlueJ\lib\junit-platform-engine-1.5.2.jar;C:\Program Files\BlueJ\lib\junit-platform-launcher-1.5.2.jar;C:\Program Files\BlueJ\lib\junit-platform-suite-api-1.5.2.jar;C:\Program Files\BlueJ\lib\junit-vintage-engine-5.5.2.jar;C:\Program Files\BlueJ\lib\hamcrest-core-1.3.jar;C:\Program Files\BlueJ\lib\opentest4j-1.2.0.jar;C:\Program Files\BlueJ\lib\lang-stride.jar;C:\Program Files\BlueJ\lib\javafx\javafx.base.jar;C:\Program Files\BlueJ\lib\javafx\javafx.controls.jar;C:\Program Files\BlueJ\lib\javafx\javafx.fxml.jar;C:\Program Files\BlueJ\lib\javafx\javafx.graphics.jar;C:\Program Files\BlueJ\lib\javafx\javafx.media.jar;C:\Program Files\BlueJ\lib\javafx\javafx.properties.jar;C:\Program Files\BlueJ\lib\javafx\javafx.swing.jar;C:\Program Files\BlueJ\lib\javafx\javafx.web.jar;C:\Users\PauCasals\Desktop\Leomf0492\JAVASQL\mysql-connector-j-9.0.0.jar
Launcher Type: SUN_STANDARD

[Global flags]
     intx CICompilerCount                          = 4                                         {product} {ergonomic}
     uint ConcGCThreads                            = 3                                         {product} {ergonomic}
     uint G1ConcRefinementThreads                  = 10                                        {product} {ergonomic}
   size_t G1HeapRegionSize                         = 2097152                                   {product} {ergonomic}
    uintx GCDrainStackTargetSize                   = 64                                        {product} {ergonomic}
   size_t InitialHeapSize                          = 264241152                                 {product} {ergonomic}
   size_t MarkStackSize                            = 4194304                                   {product} {ergonomic}
   size_t MaxHeapSize                              = 4227858432                                {product} {ergonomic}
   size_t MaxNewSize                               = 2535456768                                {product} {ergonomic}
   size_t MinHeapDeltaBytes                        = 2097152                                   {product} {ergonomic}
   size_t MinHeapSize                              = 8388608                                   {product} {ergonomic}
    uintx NonNMethodCodeHeapSize                   = 5839372                                {pd product} {ergonomic}
    uintx NonProfiledCodeHeapSize                  = 122909434                              {pd product} {ergonomic}
    uintx ProfiledCodeHeapSize                     = 122909434                              {pd product} {ergonomic}
    uintx ReservedCodeCacheSize                    = 251658240                              {pd product} {ergonomic}
     bool SegmentedCodeCache                       = true                                      {product} {ergonomic}
   size_t SoftMaxHeapSize                          = 4227858432                             {manageable} {ergonomic}
     bool UseCompressedOops                        = true                           {product lp64_product} {ergonomic}
     bool UseG1GC                                  = true                                      {product} {ergonomic}
     bool UseLargePagesIndividualAllocation        = false                                  {pd product} {ergonomic}

Logging:
Log output configuration:
 #0: stdout all=warning uptime,level,tags foldmultilines=false
 #1: stderr all=off uptime,level,tags foldmultilines=false

Environment Variables:
PATH=C:\Program Files\Common Files\Oracle\Java\javapath;C:\WINDOWS\system32;C:\WINDOWS;C:\WINDOWS\System32\Wbem;C:\WINDOWS\System32\WindowsPowerShell\v1.0\;C:\WINDOWS\System32\OpenSSH\;C:\Users\PauCasals\AppData\Local\Microsoft\WindowsApps;C:\Users\PauCasals\AppData\Local\Programs\Microsoft VS Code\bin;C:\java\bin;C:\Program Files (x86)\Brackets\
USERNAME=PauCasals
OS=Windows_NT
PROCESSOR_IDENTIFIER=Intel64 Family 6 Model 151 Stepping 2, GenuineIntel
TMP=C:\Users\PAUCAS~1\AppData\Local\Temp
TEMP=C:\Users\PAUCAS~1\AppData\Local\Temp




Periodic native trim disabled

---------------  S Y S T E M  ---------------

OS:
 Windows 11 , 64 bit Build 22621 (10.0.22621.3958)
OS uptime: 0 days 15:56 hours

CPU: total 12 (initial active 12) (6 cores per cpu, 2 threads per core) family 6 model 151 stepping 2 microcode 0x26, cx8, cmov, fxsr, ht, mmx, 3dnowpref, sse, sse2, sse3, ssse3, sse4.1, sse4.2, popcnt, lzcnt, tsc, tscinvbit, avx, avx2, aes, erms, clmul, bmi1, bmi2, adx, sha, fma, vzeroupper, clflush, clflushopt, clwb, serialize, rdtscp, rdpid, fsrm, f16c, pku, cet_ibt, cet_ss
Processor Information for all 12 processors :
  Max Mhz: 2500, Current Mhz: 2500, Mhz Limit: 2500

Memory: 4k page, system-wide physical 16125M (10831M free)
TotalPageFile size 17149M (AvailPageFile size 11384M)
current process WorkingSet (physical memory assigned to process): 47M, peak: 47M
current process commit charge ("private bytes"): 345M, peak: 345M

vm_info: OpenJDK 64-Bit Server VM (21.0.4+7-LTS) for windows-amd64 JRE (21.0.4+7-LTS), built on 2024-07-16T00:00:00Z by "admin" with MS VC++ 17.7 (VS2022)

END.
